\BOOKMARK [0][-]{chapter.1}{Introducci\363n}{}
\BOOKMARK [1][-]{section.1.1}{Antecedentes}{chapter.1}
\BOOKMARK [1][-]{section.1.2}{Definici\363n del problema}{chapter.1}
\BOOKMARK [1][-]{section.1.3}{Objetivos}{chapter.1}
\BOOKMARK [2][-]{subsection.1.3.1}{Objetivo General}{section.1.3}
\BOOKMARK [2][-]{subsection.1.3.2}{Objetivos Espec\355ficos}{section.1.3}
\BOOKMARK [1][-]{section.1.4}{Justificaci\363n}{chapter.1}
\BOOKMARK [1][-]{section.1.5}{Teor\355a del aprendizaje social}{chapter.1}
\BOOKMARK [0][-]{chapter.2}{El modelo base}{}
\BOOKMARK [1][-]{section.2.1}{Rese\361a hist\363rica}{chapter.2}
\BOOKMARK [1][-]{section.2.2}{Primeras intenciones}{chapter.2}
\BOOKMARK [1][-]{section.2.3}{Funciones que moldean el sistema}{chapter.2}
\BOOKMARK [1][-]{section.2.4}{Estructura}{chapter.2}
\BOOKMARK [1][-]{section.2.5}{M\363dulos}{chapter.2}
\BOOKMARK [1][-]{section.2.6}{Cr\355ticas al modelo establecido}{chapter.2}
\BOOKMARK [2][-]{subsection.2.6.1}{Sistema de plantillas}{section.2.6}
\BOOKMARK [2][-]{subsection.2.6.2}{Instalaci\363n}{section.2.6}
\BOOKMARK [2][-]{subsection.2.6.3}{Conectitividad}{section.2.6}
\BOOKMARK [2][-]{subsection.2.6.4}{Modelos muy teoricos}{section.2.6}
\BOOKMARK [0][-]{chapter.3}{El sistema}{}
\BOOKMARK [1][-]{section.3.1}{Instalaci\363n}{chapter.3}
\BOOKMARK [2][-]{subsection.3.1.1}{Archivo de hosts}{section.3.1}
\BOOKMARK [2][-]{subsection.3.1.2}{Host virtual}{section.3.1}
\BOOKMARK [2][-]{subsection.3.1.3}{Logs}{section.3.1}
\BOOKMARK [2][-]{subsection.3.1.4}{Script instalador}{section.3.1}
\BOOKMARK [2][-]{subsection.3.1.5}{Archivo .htaccess}{section.3.1}
\BOOKMARK [1][-]{section.3.2}{Linea de comandos}{chapter.3}
\BOOKMARK [2][-]{subsection.3.2.1}{installer.php}{section.3.2}
\BOOKMARK [1][-]{section.3.3}{Sobre modulos, controladores y acciones}{chapter.3}
\BOOKMARK [1][-]{section.3.4}{Paquetes construidos}{chapter.3}
\BOOKMARK [0][-]{chapter.4}{La plataforma}{}
\BOOKMARK [1][-]{section.4.1}{El gestor de paquetes packages}{chapter.4}
\BOOKMARK [1][-]{section.4.2}{El manejo de privilegios privileges}{chapter.4}
\BOOKMARK [1][-]{section.4.3}{El manejo de rutas y navegaci\363n routes}{chapter.4}
\BOOKMARK [1][-]{section.4.4}{El sistema de plantillas templates}{chapter.4}
\BOOKMARK [1][-]{section.4.5}{El motor de busqueda search}{chapter.4}
\BOOKMARK [1][-]{section.4.6}{El sistema de traducciones i18n}{chapter.4}
\BOOKMARK [1][-]{section.4.7}{La automatizaci\363n de tareas cron}{chapter.4}
\BOOKMARK [1][-]{section.4.8}{La cola de envio de correo mailer}{chapter.4}
\BOOKMARK [0][-]{chapter.5}{La conectitividad}{}
\BOOKMARK [1][-]{section.5.1}{La inteligencia colectiva axon}{chapter.5}
\BOOKMARK [0][-]{chapter.6}{Las personas}{}
\BOOKMARK [1][-]{section.6.1}{El espacio personal users}{chapter.6}
\BOOKMARK [1][-]{section.6.2}{El control de las funciones roles}{chapter.6}
\BOOKMARK [0][-]{chapter.7}{La red de contactos}{}
\BOOKMARK [1][-]{section.7.1}{Las redes sociales contacts}{chapter.7}
\BOOKMARK [1][-]{section.7.2}{Los circulos sets}{chapter.7}
\BOOKMARK [1][-]{section.7.3}{La propagaci\363n invitations}{chapter.7}
\BOOKMARK [0][-]{chapter.8}{Los espacios virtuales}{}
\BOOKMARK [1][-]{section.8.1}{El espacio generico spaces}{chapter.8}
\BOOKMARK [1][-]{section.8.2}{Los espacios formales gestions, careers, areas}{chapter.8}
\BOOKMARK [1][-]{section.8.3}{El espacio informal communities}{chapter.8}
\BOOKMARK [1][-]{section.8.4}{Los espacios jerarquicos subjects, groups, teams}{chapter.8}
\BOOKMARK [1][-]{section.8.5}{Las utilidades sobre grupos groupsets}{chapter.8}
\BOOKMARK [0][-]{chapter.9}{El B-learning}{}
\BOOKMARK [1][-]{section.9.1}{Los sistemas de evaluaci\363n evaluations}{chapter.9}
\BOOKMARK [1][-]{section.9.2}{Las calificaciones califications}{chapter.9}
\BOOKMARK [1][-]{section.9.3}{El trabajo para casa tasks}{chapter.9}
\BOOKMARK [0][-]{chapter.10}{Los recursos}{}
\BOOKMARK [1][-]{section.10.1}{Los componentes genericos resources}{chapter.10}
\BOOKMARK [1][-]{section.10.2}{El recurso mas basico notes}{chapter.10}
\BOOKMARK [1][-]{section.10.3}{Los archivos en general files}{chapter.10}
\BOOKMARK [1][-]{section.10.4}{Los archivos especiales photos, videos}{chapter.10}
\BOOKMARK [1][-]{section.10.5}{Los recursos espacio-temporales events}{chapter.10}
\BOOKMARK [1][-]{section.10.6}{La reenderizacion personalizada links}{chapter.10}
\BOOKMARK [1][-]{section.10.7}{Las sugerencias feedback}{chapter.10}
\BOOKMARK [0][-]{chapter.11}{Los aspectos 2.0}{}
\BOOKMARK [1][-]{section.11.1}{Los comentarios comments}{chapter.11}
\BOOKMARK [1][-]{section.11.2}{La calidad del recurso ratings}{chapter.11}
\BOOKMARK [1][-]{section.11.3}{Las nuevas interpretaciones tags}{chapter.11}
\BOOKMARK [1][-]{section.11.4}{Los sistemas de reputaci\363n valorations}{chapter.11}
\BOOKMARK [1][-]{section.11.5}{Los refuerzos positivos awards}{chapter.11}
\BOOKMARK [0][-]{chapter.12}{Los sistemas de control}{}
\BOOKMARK [1][-]{section.12.1}{Los indicadores medibles stats}{chapter.12}
\BOOKMARK [1][-]{section.12.2}{El panel de control panels}{chapter.12}
